<?xml version="1.0" encoding="UTF-8" ?><testsuite errors="0" name="jasmine.specs" tests="38" failures="0" skipped="1" hostname="localhost" time="0.0" timestamp="2014-04-15T09:44:59"><testcase classname="jasmine" name="Javascript adds two numbers together" time="0.0" failure="false"/><testcase classname="jasmine" name="A suite contains spec with an expectation" time="0.0" failure="false"/><testcase classname="jasmine" name="A suite is just a function and so is a spec" time="0.0" failure="false"/><testcase classname="jasmine" name="The 'ToBe' matcher compares with === and has a positive case" time="0.0" failure="false"/><testcase classname="jasmine" name="The 'ToBe' matcher compares with === and can have a negative case" time="0.0" failure="false"/><testcase classname="jasmine" name="Included matchers: The 'toBe' matcher compares with ===" time="0.0" failure="false"/><testcase classname="jasmine" name="Included matchers: The 'toEqual' matcher works for simple literals and variables" time="0.0" failure="false"/><testcase classname="jasmine" name="Included matchers: The 'toEqual' matcher should work for objects" time="0.0" failure="false"/><testcase classname="jasmine" name="Included matchers: The 'toEqual' matcher The 'toMatch' matcher is for regular expression" time="0.0" failure="false"/><testcase classname="jasmine" name="Included matchers: The 'toEqual' matcher The 'toBeDefined' matcher compares against 'undefined'" time="0.0" failure="false"/><testcase classname="jasmine" name="Included matchers: The 'toEqual' matcher The 'toBeUndefined' matcher compares against 'undefined'" time="0.0" failure="false"/><testcase classname="jasmine" name="Included matchers: The 'toEqual' matcher The 'toBeNull' matcher compares against null" time="0.0" failure="false"/><testcase classname="jasmine" name="Included matchers: The 'toEqual' matcher The 'toBeTruthy' matcher is for boolean casting testing" time="0.0" failure="false"/><testcase classname="jasmine" name="Included matchers: The 'toEqual' matcher The 'toBeFalsy' matcher is for boolean casting testing" time="0.0" failure="false"/><testcase classname="jasmine" name="Included matchers: The 'toEqual' matcher The 'toContain' matcher is for finding an item in an array" time="0.0" failure="false"/><testcase classname="jasmine" name="Included matchers: The 'toEqual' matcher The 'toBeLessThan' matcher is for mathematical comparisons" time="0.0" failure="false"/><testcase classname="jasmine" name="Included matchers: The 'toEqual' matcher The 'toBeGreaterThan' matcher is for mathematical comparisons" time="0.0" failure="false"/><testcase classname="jasmine" name="Included matchers: The 'toEqual' matcher The 'toBeCloseTo' matcher is for precision math comparisons" time="0.0" failure="false"/><testcase classname="jasmine" name="Included matchers: The 'toEqual' matcher The 'toThrow' is testing for a function throws an exception" time="0.0" failure="false"/><testcase classname="jasmine" name="A Spec is just a function, so it can contain any code" time="0.0" failure="false"/><testcase classname="jasmine" name="A Spec can have more than one expectation" time="0.0" failure="false"/><testcase classname="jasmine" name="A Spec (with setup and tear-down) is just a function, so it can contain any code" time="0.0" failure="false"/><testcase classname="jasmine" name="A Spec (with setup and tear-down) can have more than one expectation" time="0.0" failure="false"/><testcase classname="jasmine" name="A Spec (with setup and tear-down) nested inside a second describe can reference both describe variables" time="0.0" failure="false"/><testcase classname="jasmine" name="Pending specs can be declared with 'it' but without a function" time="0.0" failure="false"/><testcase classname="jasmine" name="Pending specs can be declared by calling 'pending' in the spec body" time="0.0" failure="false"/><testcase classname="jasmine" name="A Spy tracks that the spy was called" time="0.0" failure="false"/><testcase classname="jasmine" name="A Spy tracks all the arguments of its calls" time="0.0" failure="false"/><testcase classname="jasmine" name="A Spy stops all execution on a function" time="0.0" failure="false"/><testcase classname="jasmine" name="A Spec, when configured to call through tracks that the spy was called" time="0.0" failure="false"/><testcase classname="jasmine" name="A Spec, when configured to call through should not effect other functions" time="0.0" failure="false"/><testcase classname="jasmine" name="A Spec, when configured to call through when called returns the requested value" time="0.0" failure="false"/><testcase classname="jasmine" name="A Spec, when configured to fake a return value tracks that the spy was called" time="0.0" failure="false"/><testcase classname="jasmine" name="A Spec, when configured to fake a return value should not effect other functions" time="0.0" failure="false"/><testcase classname="jasmine" name="A Spec, when configured to fake a return value when callled returns the requested value" time="0.0" failure="false"/><testcase classname="jasmine" name="A Spec, when configured with an alternate implementation tracks that the spy was called" time="0.0" failure="false"/><testcase classname="jasmine" name="A Spec, when configured with an alternate implementation should not effect other functions" time="0.0" failure="false"/><testcase classname="jasmine" name="A Spec, when configured with an alternate implementation when called returns the requested value" time="0.0" failure="false"/></testsuite>